{"E:\\Project_2025\\RoadSurfer\\myApp\\myApp\\src\\App.jsx": {"path":"E:\\Project_2025\\RoadSurfer\\myApp\\myApp\\src\\App.jsx","statementMap":{"0":{"start":{"line":6,"column":28},"end":{"line":6,"column":39}},"1":{"start":{"line":8,"column":2},"end":{"line":18,"column":4}}},"fnMap":{"0":{"name":"App","decl":{"start":{"line":5,"column":9},"end":{"line":5,"column":12}},"loc":{"start":{"line":5,"column":15},"end":{"line":19,"column":1}},"line":5}},"branchMap":{},"s":{"0":0,"1":0},"f":{"0":0},"b":{}}
,"E:\\Project_2025\\RoadSurfer\\myApp\\myApp\\src\\main.jsx": {"path":"E:\\Project_2025\\RoadSurfer\\myApp\\myApp\\src\\main.jsx","statementMap":{"0":{"start":{"line":6,"column":0},"end":{"line":10,"column":1}}},"fnMap":{},"branchMap":{},"s":{"0":0},"f":{},"b":{}}
,"E:\\Project_2025\\RoadSurfer\\myApp\\myApp\\src\\components\\Autocomplete.jsx": {"path":"E:\\Project_2025\\RoadSurfer\\myApp\\myApp\\src\\components\\Autocomplete.jsx","statementMap":{"0":{"start":{"line":10,"column":28},"end":{"line":10,"column":40}},"1":{"start":{"line":11,"column":40},"end":{"line":11,"column":52}},"2":{"start":{"line":12,"column":48},"end":{"line":12,"column":63}},"3":{"start":{"line":13,"column":50},"end":{"line":13,"column":62}},"4":{"start":{"line":14,"column":23},"end":{"line":14,"column":35}},"5":{"start":{"line":15,"column":18},"end":{"line":15,"column":30}},"6":{"start":{"line":17,"column":2},"end":{"line":33,"column":14}},"7":{"start":{"line":18,"column":4},"end":{"line":22,"column":5}},"8":{"start":{"line":19,"column":6},"end":{"line":19,"column":25}},"9":{"start":{"line":20,"column":6},"end":{"line":20,"column":32}},"10":{"start":{"line":21,"column":6},"end":{"line":21,"column":13}},"11":{"start":{"line":24,"column":20},"end":{"line":30,"column":11}},"12":{"start":{"line":25,"column":6},"end":{"line":29,"column":9}},"13":{"start":{"line":26,"column":8},"end":{"line":26,"column":32}},"14":{"start":{"line":27,"column":8},"end":{"line":27,"column":33}},"15":{"start":{"line":28,"column":8},"end":{"line":28,"column":32}},"16":{"start":{"line":32,"column":4},"end":{"line":32,"column":39}},"17":{"start":{"line":32,"column":17},"end":{"line":32,"column":38}},"18":{"start":{"line":35,"column":2},"end":{"line":43,"column":9}},"19":{"start":{"line":36,"column":31},"end":{"line":40,"column":5}},"20":{"start":{"line":37,"column":6},"end":{"line":39,"column":7}},"21":{"start":{"line":38,"column":8},"end":{"line":38,"column":34}},"22":{"start":{"line":41,"column":4},"end":{"line":41,"column":63}},"23":{"start":{"line":42,"column":4},"end":{"line":42,"column":79}},"24":{"start":{"line":42,"column":17},"end":{"line":42,"column":78}},"25":{"start":{"line":45,"column":23},"end":{"line":50,"column":3}},"26":{"start":{"line":46,"column":4},"end":{"line":46,"column":39}},"27":{"start":{"line":47,"column":4},"end":{"line":47,"column":30}},"28":{"start":{"line":48,"column":4},"end":{"line":48,"column":28}},"29":{"start":{"line":49,"column":4},"end":{"line":49,"column":19}},"30":{"start":{"line":52,"column":20},"end":{"line":71,"column":3}},"31":{"start":{"line":53,"column":4},"end":{"line":53,"column":61}},"32":{"start":{"line":53,"column":54},"end":{"line":53,"column":61}},"33":{"start":{"line":55,"column":4},"end":{"line":70,"column":5}},"34":{"start":{"line":56,"column":6},"end":{"line":56,"column":25}},"35":{"start":{"line":57,"column":6},"end":{"line":59,"column":8}},"36":{"start":{"line":58,"column":8},"end":{"line":58,"column":52}},"37":{"start":{"line":60,"column":11},"end":{"line":70,"column":5}},"38":{"start":{"line":61,"column":6},"end":{"line":61,"column":25}},"39":{"start":{"line":62,"column":6},"end":{"line":64,"column":8}},"40":{"start":{"line":63,"column":8},"end":{"line":63,"column":52}},"41":{"start":{"line":65,"column":11},"end":{"line":70,"column":5}},"42":{"start":{"line":66,"column":6},"end":{"line":66,"column":25}},"43":{"start":{"line":67,"column":6},"end":{"line":69,"column":7}},"44":{"start":{"line":68,"column":8},"end":{"line":68,"column":52}},"45":{"start":{"line":73,"column":2},"end":{"line":78,"column":25}},"46":{"start":{"line":74,"column":4},"end":{"line":77,"column":5}},"47":{"start":{"line":75,"column":23},"end":{"line":75,"column":65}},"48":{"start":{"line":76,"column":6},"end":{"line":76,"column":66}},"49":{"start":{"line":76,"column":20},"end":{"line":76,"column":66}},"50":{"start":{"line":80,"column":2},"end":{"line":116,"column":4}},"51":{"start":{"line":84,"column":25},"end":{"line":84,"column":49}},"52":{"start":{"line":99,"column":12},"end":{"line":111,"column":17}},"53":{"start":{"line":103,"column":29},"end":{"line":103,"column":47}}},"fnMap":{"0":{"name":"Autocomplete","decl":{"start":{"line":4,"column":24},"end":{"line":4,"column":36}},"loc":{"start":{"line":9,"column":3},"end":{"line":117,"column":1}},"line":9},"1":{"name":"(anonymous_1)","decl":{"start":{"line":17,"column":12},"end":{"line":17,"column":13}},"loc":{"start":{"line":17,"column":18},"end":{"line":33,"column":3}},"line":17},"2":{"name":"(anonymous_2)","decl":{"start":{"line":24,"column":31},"end":{"line":24,"column":32}},"loc":{"start":{"line":24,"column":37},"end":{"line":30,"column":5}},"line":24},"3":{"name":"(anonymous_3)","decl":{"start":{"line":25,"column":35},"end":{"line":25,"column":36}},"loc":{"start":{"line":25,"column":48},"end":{"line":29,"column":7}},"line":25},"4":{"name":"(anonymous_4)","decl":{"start":{"line":32,"column":11},"end":{"line":32,"column":12}},"loc":{"start":{"line":32,"column":17},"end":{"line":32,"column":38}},"line":32},"5":{"name":"(anonymous_5)","decl":{"start":{"line":35,"column":12},"end":{"line":35,"column":13}},"loc":{"start":{"line":35,"column":18},"end":{"line":43,"column":3}},"line":35},"6":{"name":"(anonymous_6)","decl":{"start":{"line":36,"column":31},"end":{"line":36,"column":32}},"loc":{"start":{"line":36,"column":38},"end":{"line":40,"column":5}},"line":36},"7":{"name":"(anonymous_7)","decl":{"start":{"line":42,"column":11},"end":{"line":42,"column":12}},"loc":{"start":{"line":42,"column":17},"end":{"line":42,"column":78}},"line":42},"8":{"name":"(anonymous_8)","decl":{"start":{"line":45,"column":23},"end":{"line":45,"column":24}},"loc":{"start":{"line":45,"column":33},"end":{"line":50,"column":3}},"line":45},"9":{"name":"(anonymous_9)","decl":{"start":{"line":52,"column":20},"end":{"line":52,"column":21}},"loc":{"start":{"line":52,"column":27},"end":{"line":71,"column":3}},"line":52},"10":{"name":"(anonymous_10)","decl":{"start":{"line":57,"column":26},"end":{"line":57,"column":27}},"loc":{"start":{"line":58,"column":8},"end":{"line":58,"column":52}},"line":58},"11":{"name":"(anonymous_11)","decl":{"start":{"line":62,"column":26},"end":{"line":62,"column":27}},"loc":{"start":{"line":63,"column":8},"end":{"line":63,"column":52}},"line":63},"12":{"name":"(anonymous_12)","decl":{"start":{"line":73,"column":12},"end":{"line":73,"column":13}},"loc":{"start":{"line":73,"column":18},"end":{"line":78,"column":3}},"line":73},"13":{"name":"(anonymous_13)","decl":{"start":{"line":84,"column":18},"end":{"line":84,"column":19}},"loc":{"start":{"line":84,"column":25},"end":{"line":84,"column":49}},"line":84},"14":{"name":"(anonymous_14)","decl":{"start":{"line":98,"column":27},"end":{"line":98,"column":28}},"loc":{"start":{"line":99,"column":12},"end":{"line":111,"column":17}},"line":99},"15":{"name":"(anonymous_15)","decl":{"start":{"line":103,"column":23},"end":{"line":103,"column":24}},"loc":{"start":{"line":103,"column":29},"end":{"line":103,"column":47}},"line":103}},"branchMap":{"0":{"loc":{"start":{"line":18,"column":4},"end":{"line":22,"column":5}},"type":"if","locations":[{"start":{"line":18,"column":4},"end":{"line":22,"column":5}},{"start":{},"end":{}}],"line":18},"1":{"loc":{"start":{"line":37,"column":6},"end":{"line":39,"column":7}},"type":"if","locations":[{"start":{"line":37,"column":6},"end":{"line":39,"column":7}},{"start":{},"end":{}}],"line":37},"2":{"loc":{"start":{"line":37,"column":10},"end":{"line":37,"column":74}},"type":"binary-expr","locations":[{"start":{"line":37,"column":10},"end":{"line":37,"column":30}},{"start":{"line":37,"column":34},"end":{"line":37,"column":74}}],"line":37},"3":{"loc":{"start":{"line":53,"column":4},"end":{"line":53,"column":61}},"type":"if","locations":[{"start":{"line":53,"column":4},"end":{"line":53,"column":61}},{"start":{},"end":{}}],"line":53},"4":{"loc":{"start":{"line":53,"column":8},"end":{"line":53,"column":52}},"type":"binary-expr","locations":[{"start":{"line":53,"column":8},"end":{"line":53,"column":24}},{"start":{"line":53,"column":28},"end":{"line":53,"column":52}}],"line":53},"5":{"loc":{"start":{"line":55,"column":4},"end":{"line":70,"column":5}},"type":"if","locations":[{"start":{"line":55,"column":4},"end":{"line":70,"column":5}},{"start":{"line":60,"column":11},"end":{"line":70,"column":5}}],"line":55},"6":{"loc":{"start":{"line":58,"column":8},"end":{"line":58,"column":52}},"type":"cond-expr","locations":[{"start":{"line":58,"column":40},"end":{"line":58,"column":48}},{"start":{"line":58,"column":51},"end":{"line":58,"column":52}}],"line":58},"7":{"loc":{"start":{"line":60,"column":11},"end":{"line":70,"column":5}},"type":"if","locations":[{"start":{"line":60,"column":11},"end":{"line":70,"column":5}},{"start":{"line":65,"column":11},"end":{"line":70,"column":5}}],"line":60},"8":{"loc":{"start":{"line":63,"column":8},"end":{"line":63,"column":52}},"type":"cond-expr","locations":[{"start":{"line":63,"column":19},"end":{"line":63,"column":27}},{"start":{"line":63,"column":30},"end":{"line":63,"column":52}}],"line":63},"9":{"loc":{"start":{"line":65,"column":11},"end":{"line":70,"column":5}},"type":"if","locations":[{"start":{"line":65,"column":11},"end":{"line":70,"column":5}},{"start":{},"end":{}}],"line":65},"10":{"loc":{"start":{"line":67,"column":6},"end":{"line":69,"column":7}},"type":"if","locations":[{"start":{"line":67,"column":6},"end":{"line":69,"column":7}},{"start":{},"end":{}}],"line":67},"11":{"loc":{"start":{"line":67,"column":10},"end":{"line":67,"column":72}},"type":"binary-expr","locations":[{"start":{"line":67,"column":10},"end":{"line":67,"column":31}},{"start":{"line":67,"column":35},"end":{"line":67,"column":72}}],"line":67},"12":{"loc":{"start":{"line":74,"column":4},"end":{"line":77,"column":5}},"type":"if","locations":[{"start":{"line":74,"column":4},"end":{"line":77,"column":5}},{"start":{},"end":{}}],"line":74},"13":{"loc":{"start":{"line":74,"column":8},"end":{"line":74,"column":48}},"type":"binary-expr","locations":[{"start":{"line":74,"column":8},"end":{"line":74,"column":23}},{"start":{"line":74,"column":27},"end":{"line":74,"column":48}}],"line":74},"14":{"loc":{"start":{"line":76,"column":6},"end":{"line":76,"column":66}},"type":"if","locations":[{"start":{"line":76,"column":6},"end":{"line":76,"column":66}},{"start":{},"end":{}}],"line":76},"15":{"loc":{"start":{"line":89,"column":7},"end":{"line":114,"column":7}},"type":"binary-expr","locations":[{"start":{"line":89,"column":7},"end":{"line":89,"column":22}},{"start":{"line":90,"column":8},"end":{"line":113,"column":13}}],"line":89},"16":{"loc":{"start":{"line":95,"column":11},"end":{"line":97,"column":11}},"type":"binary-expr","locations":[{"start":{"line":95,"column":11},"end":{"line":95,"column":35}},{"start":{"line":96,"column":12},"end":{"line":96,"column":75}}],"line":95},"17":{"loc":{"start":{"line":105,"column":16},"end":{"line":107,"column":39}},"type":"cond-expr","locations":[{"start":{"line":106,"column":20},"end":{"line":106,"column":47}},{"start":{"line":107,"column":20},"end":{"line":107,"column":39}}],"line":105}},"s":{"0":41,"1":41,"2":41,"3":41,"4":41,"5":41,"6":41,"7":20,"8":11,"9":11,"10":11,"11":9,"12":5,"13":5,"14":5,"15":5,"16":9,"17":9,"18":41,"19":11,"20":1,"21":1,"22":11,"23":11,"24":11,"25":41,"26":2,"27":2,"28":2,"29":2,"30":41,"31":3,"32":0,"33":3,"34":2,"35":2,"36":2,"37":1,"38":0,"39":0,"40":0,"41":1,"42":1,"43":1,"44":1,"45":41,"46":14,"47":2,"48":2,"49":2,"50":41,"51":7,"52":12,"53":1},"f":{"0":41,"1":20,"2":5,"3":5,"4":9,"5":11,"6":1,"7":11,"8":2,"9":3,"10":2,"11":0,"12":14,"13":7,"14":12,"15":1},"b":{"0":[11,9],"1":[1,0],"2":[1,1],"3":[0,3],"4":[3,3],"5":[2,1],"6":[2,0],"7":[0,1],"8":[0,0],"9":[1,0],"10":[1,0],"11":[1,1],"12":[2,12],"13":[14,2],"14":[2,0],"15":[41,7],"16":[7,1],"17":[2,10]},"_coverageSchema":"1a1c01bbd47fc00a2c39e90264f33305004495a9","hash":"605b5b193ee13a7d11423527142bd3edf40eb56d"}
,"E:\\Project_2025\\RoadSurfer\\myApp\\myApp\\src\\components\\HelloWorld.jsx": {"path":"E:\\Project_2025\\RoadSurfer\\myApp\\myApp\\src\\components\\HelloWorld.jsx","statementMap":{"0":{"start":{"line":4,"column":19},"end":{"line":6,"column":1}},"1":{"start":{"line":5,"column":2},"end":{"line":5,"column":35}}},"fnMap":{"0":{"name":"(anonymous_0)","decl":{"start":{"line":4,"column":19},"end":{"line":4,"column":20}},"loc":{"start":{"line":4,"column":33},"end":{"line":6,"column":1}},"line":4}},"branchMap":{},"s":{"0":1,"1":1},"f":{"0":1},"b":{},"_coverageSchema":"1a1c01bbd47fc00a2c39e90264f33305004495a9","hash":"b9e277a6d09af2c70f45f46f244f78a8abed4d6b"}
,"E:\\Project_2025\\RoadSurfer\\myApp\\myApp\\src\\pages\\DashboardView.jsx": {"path":"E:\\Project_2025\\RoadSurfer\\myApp\\myApp\\src\\pages\\DashboardView.jsx","statementMap":{"0":{"start":{"line":7,"column":17},"end":{"line":7,"column":66}},"1":{"start":{"line":10,"column":2},"end":{"line":14,"column":4}},"2":{"start":{"line":18,"column":42},"end":{"line":18,"column":62}},"3":{"start":{"line":19,"column":26},"end":{"line":19,"column":38}},"4":{"start":{"line":20,"column":48},"end":{"line":20,"column":62}},"5":{"start":{"line":21,"column":56},"end":{"line":21,"column":70}},"6":{"start":{"line":22,"column":48},"end":{"line":22,"column":62}},"7":{"start":{"line":25,"column":2},"end":{"line":38,"column":9}},"8":{"start":{"line":27,"column":6},"end":{"line":35,"column":7}},"9":{"start":{"line":28,"column":20},"end":{"line":30,"column":9}},"10":{"start":{"line":31,"column":21},"end":{"line":31,"column":37}},"11":{"start":{"line":32,"column":8},"end":{"line":32,"column":22}},"12":{"start":{"line":34,"column":8},"end":{"line":34,"column":56}},"13":{"start":{"line":37,"column":4},"end":{"line":37,"column":16}},"14":{"start":{"line":41,"column":4},"end":{"line":41,"column":26}},"15":{"start":{"line":41,"column":16},"end":{"line":41,"column":26}},"16":{"start":{"line":42,"column":4},"end":{"line":46,"column":6}},"17":{"start":{"line":44,"column":8},"end":{"line":44,"column":64}},"18":{"start":{"line":49,"column":2},"end":{"line":54,"column":30}},"19":{"start":{"line":50,"column":4},"end":{"line":53,"column":5}},"20":{"start":{"line":51,"column":26},"end":{"line":51,"column":71}},"21":{"start":{"line":51,"column":43},"end":{"line":51,"column":70}},"22":{"start":{"line":52,"column":6},"end":{"line":52,"column":50}},"23":{"start":{"line":57,"column":4},"end":{"line":59,"column":6}},"24":{"start":{"line":63,"column":4},"end":{"line":65,"column":6}},"25":{"start":{"line":69,"column":21},"end":{"line":69,"column":45}},"26":{"start":{"line":70,"column":24},"end":{"line":70,"column":62}},"27":{"start":{"line":71,"column":27},"end":{"line":71,"column":44}},"28":{"start":{"line":74,"column":19},"end":{"line":74,"column":64}},"29":{"start":{"line":76,"column":22},"end":{"line":76,"column":24}},"30":{"start":{"line":79,"column":4},"end":{"line":81,"column":5}},"31":{"start":{"line":79,"column":17},"end":{"line":79,"column":18}},"32":{"start":{"line":80,"column":6},"end":{"line":80,"column":27}},"33":{"start":{"line":84,"column":4},"end":{"line":86,"column":5}},"34":{"start":{"line":84,"column":17},"end":{"line":84,"column":18}},"35":{"start":{"line":85,"column":6},"end":{"line":85,"column":47}},"36":{"start":{"line":89,"column":4},"end":{"line":91,"column":5}},"37":{"start":{"line":90,"column":6},"end":{"line":90,"column":27}},"38":{"start":{"line":93,"column":4},"end":{"line":93,"column":21}},"39":{"start":{"line":95,"column":20},"end":{"line":98,"column":3}},"40":{"start":{"line":100,"column":2},"end":{"line":280,"column":4}},"41":{"start":{"line":112,"column":39},"end":{"line":112,"column":45}},"42":{"start":{"line":150,"column":12},"end":{"line":155,"column":18}},"43":{"start":{"line":159,"column":14},"end":{"line":163,"column":22}},"44":{"start":{"line":160,"column":30},"end":{"line":160,"column":51}},"45":{"start":{"line":161,"column":28},"end":{"line":161,"column":47}},"46":{"start":{"line":162,"column":16},"end":{"line":162,"column":70}},"47":{"start":{"line":165,"column":12},"end":{"line":215,"column":14}},"48":{"start":{"line":173,"column":20},"end":{"line":204,"column":26}},"49":{"start":{"line":175,"column":37},"end":{"line":175,"column":58}},"50":{"start":{"line":263,"column":31},"end":{"line":263,"column":55}},"51":{"start":{"line":270,"column":29},"end":{"line":270,"column":53}}},"fnMap":{"0":{"name":"isSameDay","decl":{"start":{"line":9,"column":9},"end":{"line":9,"column":18}},"loc":{"start":{"line":9,"column":33},"end":{"line":15,"column":1}},"line":9},"1":{"name":"DashboardView","decl":{"start":{"line":17,"column":24},"end":{"line":17,"column":37}},"loc":{"start":{"line":17,"column":40},"end":{"line":281,"column":1}},"line":17},"2":{"name":"(anonymous_2)","decl":{"start":{"line":25,"column":12},"end":{"line":25,"column":13}},"loc":{"start":{"line":25,"column":18},"end":{"line":38,"column":3}},"line":25},"3":{"name":"fetchData","decl":{"start":{"line":26,"column":19},"end":{"line":26,"column":28}},"loc":{"start":{"line":26,"column":31},"end":{"line":36,"column":5}},"line":26},"4":{"name":"fetchSuggestions","decl":{"start":{"line":40,"column":17},"end":{"line":40,"column":33}},"loc":{"start":{"line":40,"column":41},"end":{"line":47,"column":3}},"line":40},"5":{"name":"(anonymous_5)","decl":{"start":{"line":43,"column":18},"end":{"line":43,"column":19}},"loc":{"start":{"line":44,"column":8},"end":{"line":44,"column":64}},"line":44},"6":{"name":"(anonymous_6)","decl":{"start":{"line":49,"column":12},"end":{"line":49,"column":13}},"loc":{"start":{"line":49,"column":18},"end":{"line":54,"column":3}},"line":49},"7":{"name":"(anonymous_7)","decl":{"start":{"line":51,"column":36},"end":{"line":51,"column":37}},"loc":{"start":{"line":51,"column":43},"end":{"line":51,"column":70}},"line":51},"8":{"name":"goToPrevMonth","decl":{"start":{"line":56,"column":11},"end":{"line":56,"column":24}},"loc":{"start":{"line":56,"column":27},"end":{"line":60,"column":3}},"line":56},"9":{"name":"goToNextMonth","decl":{"start":{"line":62,"column":11},"end":{"line":62,"column":24}},"loc":{"start":{"line":62,"column":27},"end":{"line":66,"column":3}},"line":62},"10":{"name":"generateMonthGrid","decl":{"start":{"line":68,"column":11},"end":{"line":68,"column":28}},"loc":{"start":{"line":68,"column":42},"end":{"line":94,"column":3}},"line":68},"11":{"name":"(anonymous_11)","decl":{"start":{"line":112,"column":32},"end":{"line":112,"column":33}},"loc":{"start":{"line":112,"column":39},"end":{"line":112,"column":45}},"line":112},"12":{"name":"(anonymous_12)","decl":{"start":{"line":149,"column":24},"end":{"line":149,"column":25}},"loc":{"start":{"line":150,"column":12},"end":{"line":155,"column":18}},"line":150},"13":{"name":"(anonymous_13)","decl":{"start":{"line":157,"column":25},"end":{"line":157,"column":26}},"loc":{"start":{"line":157,"column":40},"end":{"line":216,"column":11}},"line":157},"14":{"name":"(anonymous_14)","decl":{"start":{"line":159,"column":52},"end":{"line":159,"column":53}},"loc":{"start":{"line":159,"column":59},"end":{"line":163,"column":15}},"line":159},"15":{"name":"(anonymous_15)","decl":{"start":{"line":172,"column":32},"end":{"line":172,"column":33}},"loc":{"start":{"line":173,"column":20},"end":{"line":204,"column":26}},"line":173},"16":{"name":"(anonymous_16)","decl":{"start":{"line":175,"column":31},"end":{"line":175,"column":32}},"loc":{"start":{"line":175,"column":37},"end":{"line":175,"column":58}},"line":175},"17":{"name":"(anonymous_17)","decl":{"start":{"line":263,"column":25},"end":{"line":263,"column":26}},"loc":{"start":{"line":263,"column":31},"end":{"line":263,"column":55}},"line":263},"18":{"name":"(anonymous_18)","decl":{"start":{"line":270,"column":23},"end":{"line":270,"column":24}},"loc":{"start":{"line":270,"column":29},"end":{"line":270,"column":53}},"line":270}},"branchMap":{"0":{"loc":{"start":{"line":11,"column":4},"end":{"line":13,"column":39}},"type":"binary-expr","locations":[{"start":{"line":11,"column":4},"end":{"line":11,"column":48}},{"start":{"line":12,"column":4},"end":{"line":12,"column":41}},{"start":{"line":13,"column":4},"end":{"line":13,"column":39}}],"line":11},"1":{"loc":{"start":{"line":41,"column":4},"end":{"line":41,"column":26}},"type":"if","locations":[{"start":{"line":41,"column":4},"end":{"line":41,"column":26}},{"start":{},"end":{}}],"line":41},"2":{"loc":{"start":{"line":50,"column":4},"end":{"line":53,"column":5}},"type":"if","locations":[{"start":{"line":50,"column":4},"end":{"line":53,"column":5}},{"start":{},"end":{}}],"line":50},"3":{"loc":{"start":{"line":52,"column":29},"end":{"line":52,"column":48}},"type":"binary-expr","locations":[{"start":{"line":52,"column":29},"end":{"line":52,"column":40}},{"start":{"line":52,"column":44},"end":{"line":52,"column":48}}],"line":52},"4":{"loc":{"start":{"line":74,"column":19},"end":{"line":74,"column":64}},"type":"cond-expr","locations":[{"start":{"line":74,"column":42},"end":{"line":74,"column":43}},{"start":{"line":74,"column":46},"end":{"line":74,"column":64}}],"line":74},"5":{"loc":{"start":{"line":115,"column":11},"end":{"line":119,"column":11}},"type":"binary-expr","locations":[{"start":{"line":115,"column":11},"end":{"line":115,"column":26}},{"start":{"line":116,"column":12},"end":{"line":118,"column":18}}],"line":115},"6":{"loc":{"start":{"line":159,"column":14},"end":{"line":163,"column":22}},"type":"binary-expr","locations":[{"start":{"line":159,"column":14},"end":{"line":163,"column":16}},{"start":{"line":163,"column":20},"end":{"line":163,"column":22}}],"line":159},"7":{"loc":{"start":{"line":162,"column":23},"end":{"line":162,"column":69}},"type":"binary-expr","locations":[{"start":{"line":162,"column":23},"end":{"line":162,"column":45}},{"start":{"line":162,"column":49},"end":{"line":162,"column":69}}],"line":162},"8":{"loc":{"start":{"line":178,"column":27},"end":{"line":180,"column":43}},"type":"cond-expr","locations":[{"start":{"line":179,"column":31},"end":{"line":179,"column":45}},{"start":{"line":180,"column":31},"end":{"line":180,"column":43}}],"line":178},"9":{"loc":{"start":{"line":183,"column":23},"end":{"line":193,"column":23}},"type":"cond-expr","locations":[{"start":{"line":184,"column":24},"end":{"line":187,"column":26}},{"start":{"line":189,"column":24},"end":{"line":192,"column":26}}],"line":183},"10":{"loc":{"start":{"line":207,"column":19},"end":{"line":212,"column":19}},"type":"binary-expr","locations":[{"start":{"line":207,"column":19},"end":{"line":207,"column":40}},{"start":{"line":208,"column":20},"end":{"line":211,"column":26}}],"line":207},"11":{"loc":{"start":{"line":220,"column":7},"end":{"line":278,"column":7}},"type":"binary-expr","locations":[{"start":{"line":220,"column":7},"end":{"line":220,"column":22}},{"start":{"line":221,"column":8},"end":{"line":277,"column":14}}],"line":220},"12":{"loc":{"start":{"line":243,"column":15},"end":{"line":250,"column":15}},"type":"binary-expr","locations":[{"start":{"line":243,"column":15},"end":{"line":243,"column":44}},{"start":{"line":244,"column":16},"end":{"line":249,"column":20}}],"line":243},"13":{"loc":{"start":{"line":251,"column":15},"end":{"line":258,"column":15}},"type":"binary-expr","locations":[{"start":{"line":251,"column":15},"end":{"line":251,"column":44}},{"start":{"line":252,"column":16},"end":{"line":257,"column":20}}],"line":251}},"s":{"0":1,"1":0,"2":6,"3":6,"4":6,"5":6,"6":6,"7":6,"8":4,"9":4,"10":3,"11":3,"12":1,"13":4,"14":0,"15":0,"16":0,"17":0,"18":6,"19":6,"20":0,"21":0,"22":0,"23":0,"24":0,"25":6,"26":6,"27":6,"28":6,"29":6,"30":6,"31":6,"32":24,"33":6,"34":6,"35":186,"36":6,"37":0,"38":6,"39":6,"40":6,"41":0,"42":42,"43":210,"44":0,"45":0,"46":0,"47":210,"48":0,"49":0,"50":0,"51":0},"f":{"0":0,"1":6,"2":4,"3":4,"4":0,"5":0,"6":6,"7":0,"8":0,"9":0,"10":6,"11":0,"12":42,"13":210,"14":0,"15":0,"16":0,"17":0,"18":0},"b":{"0":[0,0,0],"1":[0,0],"2":[0,6],"3":[0,0],"4":[0,6],"5":[6,0],"6":[210,210],"7":[0,0],"8":[0,0],"9":[0,0],"10":[210,210],"11":[6,0],"12":[0,0],"13":[0,0]},"_coverageSchema":"1a1c01bbd47fc00a2c39e90264f33305004495a9","hash":"ce31d5c748a6be6bbe70e8d7bac3fe73b05e2c5f"}
}
