TN:
SF:src\App.jsx
FN:5,App
FNF:1
FNH:0
FNDA:0,App
DA:6,0
DA:8,0
LF:2
LH:0
BRF:0
BRH:0
end_of_record
TN:
SF:src\main.jsx
FNF:0
FNH:0
DA:6,0
LF:1
LH:0
BRF:0
BRH:0
end_of_record
TN:
SF:src\components\Autocomplete.jsx
FN:4,Autocomplete
FN:17,(anonymous_1)
FN:24,(anonymous_2)
FN:25,(anonymous_3)
FN:32,(anonymous_4)
FN:35,(anonymous_5)
FN:36,(anonymous_6)
FN:42,(anonymous_7)
FN:45,(anonymous_8)
FN:52,(anonymous_9)
FN:57,(anonymous_10)
FN:62,(anonymous_11)
FN:73,(anonymous_12)
FN:84,(anonymous_13)
FN:98,(anonymous_14)
FN:103,(anonymous_15)
FNF:16
FNH:15
FNDA:41,Autocomplete
FNDA:20,(anonymous_1)
FNDA:5,(anonymous_2)
FNDA:5,(anonymous_3)
FNDA:9,(anonymous_4)
FNDA:11,(anonymous_5)
FNDA:1,(anonymous_6)
FNDA:11,(anonymous_7)
FNDA:2,(anonymous_8)
FNDA:3,(anonymous_9)
FNDA:2,(anonymous_10)
FNDA:0,(anonymous_11)
FNDA:14,(anonymous_12)
FNDA:7,(anonymous_13)
FNDA:12,(anonymous_14)
FNDA:1,(anonymous_15)
DA:10,41
DA:11,41
DA:12,41
DA:13,41
DA:14,41
DA:15,41
DA:17,41
DA:18,20
DA:19,11
DA:20,11
DA:21,11
DA:24,9
DA:25,5
DA:26,5
DA:27,5
DA:28,5
DA:32,9
DA:35,41
DA:36,11
DA:37,1
DA:38,1
DA:41,11
DA:42,11
DA:45,41
DA:46,2
DA:47,2
DA:48,2
DA:49,2
DA:52,41
DA:53,3
DA:55,3
DA:56,2
DA:57,2
DA:58,2
DA:60,1
DA:61,0
DA:62,0
DA:63,0
DA:65,1
DA:66,1
DA:67,1
DA:68,1
DA:73,41
DA:74,14
DA:75,2
DA:76,2
DA:80,41
DA:84,7
DA:99,12
DA:103,1
LF:50
LH:47
BRDA:18,0,0,11
BRDA:18,0,1,9
BRDA:37,1,0,1
BRDA:37,1,1,0
BRDA:37,2,0,1
BRDA:37,2,1,1
BRDA:53,3,0,0
BRDA:53,3,1,3
BRDA:53,4,0,3
BRDA:53,4,1,3
BRDA:55,5,0,2
BRDA:55,5,1,1
BRDA:58,6,0,2
BRDA:58,6,1,0
BRDA:60,7,0,0
BRDA:60,7,1,1
BRDA:63,8,0,0
BRDA:63,8,1,0
BRDA:65,9,0,1
BRDA:65,9,1,0
BRDA:67,10,0,1
BRDA:67,10,1,0
BRDA:67,11,0,1
BRDA:67,11,1,1
BRDA:74,12,0,2
BRDA:74,12,1,12
BRDA:74,13,0,14
BRDA:74,13,1,2
BRDA:76,14,0,2
BRDA:76,14,1,0
BRDA:89,15,0,41
BRDA:89,15,1,7
BRDA:95,16,0,7
BRDA:95,16,1,1
BRDA:105,17,0,2
BRDA:105,17,1,10
BRF:36
BRH:27
end_of_record
TN:
SF:src\components\HelloWorld.jsx
FN:4,(anonymous_0)
FNF:1
FNH:1
FNDA:1,(anonymous_0)
DA:4,1
DA:5,1
LF:2
LH:2
BRF:0
BRH:0
end_of_record
TN:
SF:src\pages\DashboardView.jsx
FN:9,isSameDay
FN:17,DashboardView
FN:25,(anonymous_2)
FN:26,fetchData
FN:40,fetchSuggestions
FN:43,(anonymous_5)
FN:49,(anonymous_6)
FN:51,(anonymous_7)
FN:56,goToPrevMonth
FN:62,goToNextMonth
FN:68,generateMonthGrid
FN:112,(anonymous_11)
FN:149,(anonymous_12)
FN:157,(anonymous_13)
FN:159,(anonymous_14)
FN:172,(anonymous_15)
FN:175,(anonymous_16)
FN:263,(anonymous_17)
FN:270,(anonymous_18)
FNF:19
FNH:7
FNDA:0,isSameDay
FNDA:6,DashboardView
FNDA:4,(anonymous_2)
FNDA:4,fetchData
FNDA:0,fetchSuggestions
FNDA:0,(anonymous_5)
FNDA:6,(anonymous_6)
FNDA:0,(anonymous_7)
FNDA:0,goToPrevMonth
FNDA:0,goToNextMonth
FNDA:6,generateMonthGrid
FNDA:0,(anonymous_11)
FNDA:42,(anonymous_12)
FNDA:210,(anonymous_13)
FNDA:0,(anonymous_14)
FNDA:0,(anonymous_15)
FNDA:0,(anonymous_16)
FNDA:0,(anonymous_17)
FNDA:0,(anonymous_18)
DA:7,1
DA:10,0
DA:18,6
DA:19,6
DA:20,6
DA:21,6
DA:22,6
DA:25,6
DA:27,4
DA:28,4
DA:31,3
DA:32,3
DA:34,1
DA:37,4
DA:41,0
DA:42,0
DA:44,0
DA:49,6
DA:50,6
DA:51,0
DA:52,0
DA:57,0
DA:63,0
DA:69,6
DA:70,6
DA:71,6
DA:74,6
DA:76,6
DA:79,6
DA:80,24
DA:84,6
DA:85,186
DA:89,6
DA:90,0
DA:93,6
DA:95,6
DA:100,6
DA:112,0
DA:150,42
DA:159,210
DA:160,0
DA:161,0
DA:162,0
DA:165,210
DA:173,0
DA:175,0
DA:263,0
DA:270,0
LF:48
LH:31
BRDA:11,0,0,0
BRDA:11,0,1,0
BRDA:11,0,2,0
BRDA:41,1,0,0
BRDA:41,1,1,0
BRDA:50,2,0,0
BRDA:50,2,1,6
BRDA:52,3,0,0
BRDA:52,3,1,0
BRDA:74,4,0,0
BRDA:74,4,1,6
BRDA:115,5,0,6
BRDA:115,5,1,0
BRDA:159,6,0,210
BRDA:159,6,1,210
BRDA:162,7,0,0
BRDA:162,7,1,0
BRDA:178,8,0,0
BRDA:178,8,1,0
BRDA:183,9,0,0
BRDA:183,9,1,0
BRDA:207,10,0,210
BRDA:207,10,1,210
BRDA:220,11,0,6
BRDA:220,11,1,0
BRDA:243,12,0,0
BRDA:243,12,1,0
BRDA:251,13,0,0
BRDA:251,13,1,0
BRF:29
BRH:8
end_of_record
